Call Graph of the Service:
map[reserve-hotel:[user reservation] search-hotel:[search reservation profile]]
Downstreams of the Service:
[user reservation search profile]
Server Configurations:
[{COMPUTATION_DISTRIBUTION constant} {PROCESS_TIME 10ms} {APP_PORT 50051} {LOG_LEVEL Info} {GREETING Hi Malaka!} {SUBCALL parallel} {PROFILING false}]
Charon Configurations:
[{INTERCEPT breakwater} {PRICE_UPDATE_RATE 10ms} {TOKEN_UPDATE_RATE 10ms} {LATENCY_THRESHOLD 100us} {PRICE_STEP 0} {PRICE_STRATEGY step} {LAZY_UPDATE false} {RATE_LIMITING true} {LOAD_SHEDDING true} {CHARON_TRACK_PRICE false} {BREAKWATER_SLO 12500us} {BREAKWATER_A 0.001} {BREAKWATER_B 0.02} {BREAKWATER_CLIENT_EXPIRATION 10ms} {BREAKWATER_INITIAL_CREDIT 400} {BREAKWATER_LOAD_SHEDDING true} {BREAKWATER_RTT 1000us} {BREAKWATER_TRACK_CREDIT false} {BREAKWATERD_SLO 12500us} {BREAKWATERD_A 0.001} {BREAKWATERD_B 0.02} {BREAKWATERD_CLIENT_EXPIRATION 10ms} {BREAKWATERD_INITIAL_CREDIT 400} {BREAKWATERD_LOAD_SHEDDING true} {BREAKWATERD_RTT 1000us} {DAGOR_QUEUING_THRESHOLD 2ms} {DAGOR_ALPHA 0.05} {DAGOR_BETA 0.01} {DAGOR_ADMISSION_LEVEL_UPDATE_INTERVAL 10ms} {DAGOR_UMAX 20} {SIDE server_only}]
2024/06/13 21:45:16 gRPC server listening on port 50056
2024/06/13 21:45:32 context deadline exceeded
panic: context deadline exceeded

goroutine 130682 [running]:
log.Panic({0xc0035a1888?, 0xabe078?, 0xc00298ad50?})
	/usr/lib/go/src/log/log.go:432 +0x5a
github.com/Jiali-Xing/hotelApp/pkg/state.GetState[...]({0xabe078, 0xc00298ad50}, {0xc00209bd4c, 0x3})
	/home/ying/Sync/Git/hotelApp/pkg/state/state.go:51 +0x105
github.com/Jiali-Xing/hotelApp/internal/hotel.GetRates({0xabe078, 0xc00298ad50}, {0xc000756900, 0xa, 0x4138a5?})
	/home/ying/Sync/Git/hotelApp/internal/hotel/rate.go:37 +0x8e
github.com/Jiali-Xing/hotelApp/internal/hotel.(*RateServer).GetRates(0x97b7e0?, {0xabe078?, 0xc00298acf0?}, 0xc002505080)
	/home/ying/Sync/Git/hotelApp/internal/hotel/rate.go:24 +0x4e
github.com/Jiali-Xing/hotelproto._RateService_GetRates_Handler({0x9584a0, 0xecd3c0}, {0xabe078, 0xc00298acf0}, 0xc002b8d800, 0x0)
	/home/ying/go/pkg/mod/github.com/!jiali-!xing/hotelproto@v0.0.0-20240609022535-ea9137c9f3e8/rate_grpc.pb.go:93 +0x1a6
google.golang.org/grpc.(*Server).processUnaryRPC(0xc0001ba400, {0xabe078, 0xc00298ac60}, {0xac1700, 0xc000002180}, 0xc0003fe6c0, 0xc00039d950, 0xe59400, 0x0)
	/home/ying/go/pkg/mod/google.golang.org/grpc@v1.64.0/server.go:1379 +0xdf8
google.golang.org/grpc.(*Server).handleStream(0xc0001ba400, {0xac1700, 0xc000002180}, 0xc0003fe6c0)
	/home/ying/go/pkg/mod/google.golang.org/grpc@v1.64.0/server.go:1790 +0xe8b
google.golang.org/grpc.(*Server).serveStreams.func2.1()
	/home/ying/go/pkg/mod/google.golang.org/grpc@v1.64.0/server.go:1029 +0x8b
created by google.golang.org/grpc.(*Server).serveStreams.func2 in goroutine 12
	/home/ying/go/pkg/mod/google.golang.org/grpc@v1.64.0/server.go:1040 +0x125
exit status 2
