Call Graph of the Service:
map[reserve-hotel:[user reservation] search-hotel:[search reservation profile]]
Downstreams of the Service:
[user reservation search profile]
Server Configurations:
[{COMPUTATION_DISTRIBUTION constant} {PROCESS_TIME 10ms} {APP_PORT 50051} {LOG_LEVEL Info} {GREETING Hi Malaka!} {SUBCALL parallel} {PROFILING false}]
Charon Configurations:
[{INTERCEPT breakwater} {PRICE_UPDATE_RATE 10ms} {TOKEN_UPDATE_RATE 10ms} {LATENCY_THRESHOLD 100us} {PRICE_STEP 0} {PRICE_STRATEGY step} {LAZY_UPDATE false} {RATE_LIMITING true} {LOAD_SHEDDING true} {CHARON_TRACK_PRICE false} {BREAKWATER_SLO 12500us} {BREAKWATER_A 0.001} {BREAKWATER_B 0.02} {BREAKWATER_CLIENT_EXPIRATION 10ms} {BREAKWATER_INITIAL_CREDIT 400} {BREAKWATER_LOAD_SHEDDING true} {BREAKWATER_RTT 1000us} {BREAKWATER_TRACK_CREDIT false} {BREAKWATERD_SLO 12500us} {BREAKWATERD_A 0.001} {BREAKWATERD_B 0.02} {BREAKWATERD_CLIENT_EXPIRATION 10ms} {BREAKWATERD_INITIAL_CREDIT 400} {BREAKWATERD_LOAD_SHEDDING true} {BREAKWATERD_RTT 1000us} {DAGOR_QUEUING_THRESHOLD 2ms} {DAGOR_ALPHA 0.05} {DAGOR_BETA 0.01} {DAGOR_ADMISSION_LEVEL_UPDATE_INTERVAL 10ms} {DAGOR_UMAX 20} {SIDE server_only}]
2024/06/13 21:45:17 gRPC server listening on port 50055
2024/06/13 21:45:31 context deadline exceeded
panic: context deadline exceeded

goroutine 126981 [running]:
log.Panic({0xc0010d56e8?, 0xacb9c0?, 0xc001e811a0?})
	/usr/lib/go/src/log/log.go:432 +0x5a
github.com/Jiali-Xing/hotelApp/pkg/state.GetState[...]({0xacb9c0, 0xc001e811a0}, {0xc0015ec56c, 0x3})
	/home/ying/Sync/Git/hotelApp/pkg/state/state.go:51 +0x145
github.com/Jiali-Xing/hotelApp/internal/hotel.CheckAvailability({0xacb9c0, 0xc001e811a0}, {0x0?, 0xc000474230?}, {0xc001b7b600?, 0x0?, 0xc0003c5080?}, {0xc0015ec570, 0xa}, {0xc0015ec580, ...}, ...)
	/home/ying/Sync/Git/hotelApp/internal/hotel/reservation.go:60 +0x1c7
github.com/Jiali-Xing/hotelApp/internal/hotel.(*ReservationServer).CheckAvailability(0x9b2f80?, {0xacb9c0?, 0xc001e81140?}, 0xc0003c5080)
	/home/ying/Sync/Git/hotelApp/internal/hotel/reservation.go:18 +0x88
github.com/Jiali-Xing/hotelproto._ReservationService_CheckAvailability_Handler({0x9701c0, 0xee1520}, {0xacb9c0, 0xc001e81140}, 0xc0003c5000, 0x0)
	/home/ying/go/pkg/mod/github.com/!jiali-!xing/hotelproto@v0.0.0-20240609022535-ea9137c9f3e8/reservation_grpc.pb.go:125 +0x1a6
google.golang.org/grpc.(*Server).processUnaryRPC(0xc0001bc400, {0xacb9c0, 0xc001e810b0}, {0xacf280, 0xc000000000}, 0xc000543c20, 0xc00039b950, 0xe72298, 0x0)
	/home/ying/go/pkg/mod/google.golang.org/grpc@v1.64.0/server.go:1379 +0xdf8
google.golang.org/grpc.(*Server).handleStream(0xc0001bc400, {0xacf280, 0xc000000000}, 0xc000543c20)
	/home/ying/go/pkg/mod/google.golang.org/grpc@v1.64.0/server.go:1790 +0xe8b
google.golang.org/grpc.(*Server).serveStreams.func2.1()
	/home/ying/go/pkg/mod/google.golang.org/grpc@v1.64.0/server.go:1029 +0x8b
created by google.golang.org/grpc.(*Server).serveStreams.func2 in goroutine 98
	/home/ying/go/pkg/mod/google.golang.org/grpc@v1.64.0/server.go:1040 +0x125
exit status 2
